[INFO] Scanning for projects...
[INFO] 
[INFO] -------------------------< com.testmo:backend >-------------------------
[INFO] Building testmo-backend 0.0.1-SNAPSHOT
[INFO]   from pom.xml
[INFO] --------------------------------[ jar ]---------------------------------
[INFO] 
[INFO] --- resources:3.3.1:resources (default-resources) @ backend ---
[INFO] Copying 1 resource from src\main\resources to target\classes
[INFO] Copying 0 resource from src\main\resources to target\classes
[INFO] 
[INFO] --- compiler:3.11.0:compile (default-compile) @ backend ---
[INFO] Changes detected - recompiling the module! :source
[INFO] Compiling 7 source files with javac [debug release 17] to target\classes
[INFO] -------------------------------------------------------------
[ERROR] COMPILATION ERROR : 
[INFO] -------------------------------------------------------------
[ERROR] /D:/jio/backend/src/main/java/com/testmo/TestmoApplication.java:[5,58] package org.springframework.data.mongodb.repository.config does not exist
[ERROR] /D:/jio/backend/src/main/java/com/testmo/TestmoApplication.java:[8,2] cannot find symbol
  symbol: class EnableMongoRepositories
[INFO] 2 errors 
[INFO] -------------------------------------------------------------
[INFO] ------------------------------------------------------------------------
[INFO] BUILD FAILURE
[INFO] ------------------------------------------------------------------------
[INFO] Total time:  2.761 s
[INFO] Finished at: 2026-03-25T15:01:57+05:30
[INFO] ------------------------------------------------------------------------
[ERROR] Failed to execute goal org.apache.maven.plugins:maven-compiler-plugin:3.11.0:compile (default-compile) on project backend: Compilation failure: Compilation failure: 
[ERROR] /D:/jio/backend/src/main/java/com/testmo/TestmoApplication.java:[5,58] package org.springframework.data.mongodb.repository.config does not exist
[ERROR] /D:/jio/backend/src/main/java/com/testmo/TestmoApplication.java:[8,2] cannot find symbol
[ERROR]   symbol: class EnableMongoRepositories
[ERROR] -> [Help 1]
[ERROR] 
[ERROR] To see the full stack trace of the errors, re-run Maven with the -e switch.
[ERROR] Re-run Maven using the -X switch to enable full debug logging.
[ERROR] 
[ERROR] For more information about the errors and possible solutions, please read the following articles:
[ERROR] [Help 1] http://cwiki.apache.org/confluence/display/MAVEN/MojoFailureException
